DEBUG (17, 19)
DEBUG (17, 21)
DEBUG (16, 20)
DEBUG (18, 20)
DEBUG (17, 19)
DEBUG (17, 21)
DEBUG (16, 20)
DEBUG (18, 20)
DEBUG (17, 19)
DEBUG (17, 21)
DEBUG (16, 20)
DEBUG (18, 20)
DEBUG (17, 19)
DEBUG (17, 21)
DEBUG (16, 20)
DEBUG (18, 20)
DEBUG (17, 19)
DEBUG (17, 21)
DEBUG (16, 20)
DEBUG (18, 20)
DEBUG (17, 19)
DEBUG (17, 21)
DEBUG (16, 20)
DEBUG (18, 20)
DEBUG (17, 19)
DEBUG (17, 21)
DEBUG (16, 20)
DEBUG (18, 20)
DEBUG (17, 19)
DEBUG (17, 21)
DEBUG (16, 20)
DEBUG (18, 20)
DEBUG (17, 19)
DEBUG (17, 21)
DEBUG (16, 20)
DEBUG (18, 20)
DEBUG (17, 19)
DEBUG (17, 21)
DEBUG (16, 20)
DEBUG (18, 20)
DEBUG (17, 19)
DEBUG (17, 21)
DEBUG (16, 20)
DEBUG (18, 20)
DEBUG (17, 19)
DEBUG (17, 21)
DEBUG (16, 20)
DEBUG (18, 20)
DEBUG (17, 19)
DEBUG (17, 21)
DEBUG (16, 20)
DEBUG (18, 20)
DEBUG (17, 19)
DEBUG (17, 21)
DEBUG (16, 20)
DEBUG (18, 20)
DEBUG (17, 19)
DEBUG (17, 21)
DEBUG (16, 20)
DEBUG (18, 20)
DEBUG (17, 19)
DEBUG (17, 21)
DEBUG (16, 20)
DEBUG (18, 20)
DEBUG (17, 19)
DEBUG (17, 21)
DEBUG (16, 20)
DEBUG (18, 20)
DEBUG (17, 19)
DEBUG (17, 21)
DEBUG (16, 20)
DEBUG (18, 20)
DEBUG (17, 19)
DEBUG (17, 21)
DEBUG (16, 20)
DEBUG (18, 20)
DEBUG (17, 19)
DEBUG (17, 21)
DEBUG (16, 20)
DEBUG (18, 20)
DEBUG (17, 19)
DEBUG (17, 21)
DEBUG (16, 20)
DEBUG (18, 20)
DEBUG (17, 19)
DEBUG (17, 21)
DEBUG (16, 20)
DEBUG (18, 20)
DEBUG (17, 19)
DEBUG (17, 21)
DEBUG (16, 20)
DEBUG (18, 20)
DEBUG (17, 19)
DEBUG (17, 21)
DEBUG (16, 20)
DEBUG (18, 20)
DEBUG (17, 19)
DEBUG (17, 21)
DEBUG (16, 20)
DEBUG (18, 20)
DEBUG (17, 19)
DEBUG (17, 21)
DEBUG (16, 20)
DEBUG (18, 20)
DEBUG (17, 19)
DEBUG (17, 21)
DEBUG (16, 20)
DEBUG (18, 20)
DEBUG (17, 19)
DEBUG (17, 21)
DEBUG (16, 20)
DEBUG (18, 20)
DEBUG (17, 19)
DEBUG (17, 21)
DEBUG (16, 20)
DEBUG (18, 20)
DEBUG (17, 19)
DEBUG (17, 21)
DEBUG (16, 20)
DEBUG (18, 20)
DEBUG (17, 19)
DEBUG (17, 21)
DEBUG (16, 20)
DEBUG (18, 20)
DEBUG (17, 19)
DEBUG (17, 21)
DEBUG (16, 20)
DEBUG (18, 20)
